commit dba95b7e4586d0b58bd04fecf8581ebcba1c3638
Author:     shakeanehinds <44011884+shakeanehinds@users.noreply.github.com>
AuthorDate: Fri Jul 3 03:50:31 2020 -0500
Commit:     shakeanehinds <44011884+shakeanehinds@users.noreply.github.com>
CommitDate: Fri Jul 3 03:50:31 2020 -0500

    updated nav colors to be more visible

commit 34441609945aa232c4b4744ea0ca02f4d0d3dbbd
Author:     shakeanehinds <44011884+shakeanehinds@users.noreply.github.com>
AuthorDate: Fri Jul 3 03:39:57 2020 -0500
Commit:     shakeanehinds <44011884+shakeanehinds@users.noreply.github.com>
CommitDate: Fri Jul 3 03:39:57 2020 -0500

    updated style for mobile images

commit 878829868ecf18b7a4177e0b4096a82072adcdd0
Merge: 5b762cb 9c282be
Author:     shakeanehinds <44011884+shakeanehinds@users.noreply.github.com>
AuthorDate: Fri Jul 3 03:18:43 2020 -0500
Commit:     shakeanehinds <44011884+shakeanehinds@users.noreply.github.com>
CommitDate: Fri Jul 3 03:18:43 2020 -0500

    Merge branch 'development' of https://github.com/RowAtk/report-components into ui-fixes

commit 9c282be2c212b98dc74215feb0ccec0b165aeb41
Merge: 99cac21 1b9a7fd
Author:     Rowan Atkinson <rowaneatkinson@gmail.com>
AuthorDate: Fri Jul 3 03:11:45 2020 -0500
Commit:     GitHub <noreply@github.com>
CommitDate: Fri Jul 3 03:11:45 2020 -0500

    Merge pull request #35 from RowAtk/row-styles
    
    Row styles

commit 1b9a7fdb9858982cf91401aacdb8dbdb22a83896
Author:     rowatk <rowaneatkinson@gmail.com>
AuthorDate: Fri Jul 3 03:10:45 2020 -0500
Commit:     rowatk <rowaneatkinson@gmail.com>
CommitDate: Fri Jul 3 03:10:45 2020 -0500

    switched to higher quality images (rimages)

commit 5b762cb9a357cdb60c9ee044cc32c5efe0a24e8f
Author:     shakeanehinds <44011884+shakeanehinds@users.noreply.github.com>
AuthorDate: Fri Jul 3 03:07:35 2020 -0500
Commit:     shakeanehinds <44011884+shakeanehinds@users.noreply.github.com>
CommitDate: Fri Jul 3 03:07:35 2020 -0500

    Updated styling for images
    updated sizes for headers

commit 0b65b05facdb84216c0e07304b88c10b86afe82b
Author:     rowatk <rowaneatkinson@gmail.com>
AuthorDate: Fri Jul 3 02:26:09 2020 -0500
Commit:     rowatk <rowaneatkinson@gmail.com>
CommitDate: Fri Jul 3 02:26:09 2020 -0500

    added chart scroll animation

commit 61c1a77494c19d3acf83eddfa2f049ec127a3a91
Author:     rowatk <rowaneatkinson@gmail.com>
AuthorDate: Fri Jul 3 01:11:57 2020 -0500
Commit:     rowatk <rowaneatkinson@gmail.com>
CommitDate: Fri Jul 3 01:11:57 2020 -0500

    added styling to headers, overlay and various on scroll animations

commit a1beae07827481c18b2a9cc760682b312eae2167
Author:     rowatk <rowaneatkinson@gmail.com>
AuthorDate: Thu Jul 2 13:54:43 2020 -0500
Commit:     rowatk <rowaneatkinson@gmail.com>
CommitDate: Thu Jul 2 13:54:43 2020 -0500

    tried to change overlay styling

commit 99cac210405acbe3c772c37c42d4e476637cd3d4
Merge: c524b6a ebc4412
Author:     Shakeane Hinds <44011884+shakeanehinds@users.noreply.github.com>
AuthorDate: Wed Jul 1 20:21:53 2020 -0500
Commit:     GitHub <noreply@github.com>
CommitDate: Wed Jul 1 20:21:53 2020 -0500

    Merge pull request #33 from RowAtk/Access
    
    Access

commit ebc4412b47c3072fd2fc48ed15e6b1b366269228
Author:     shakeanehinds <44011884+shakeanehinds@users.noreply.github.com>
AuthorDate: Wed Jul 1 20:19:39 2020 -0500
Commit:     shakeanehinds <44011884+shakeanehinds@users.noreply.github.com>
CommitDate: Wed Jul 1 20:19:39 2020 -0500

    fixed padding issue on rows

commit f551fde1c0885a5117360a8763f80b06bb403a53
Merge: 80f7118 c524b6a
Author:     shakeanehinds <44011884+shakeanehinds@users.noreply.github.com>
AuthorDate: Wed Jul 1 20:08:50 2020 -0500
Commit:     shakeanehinds <44011884+shakeanehinds@users.noreply.github.com>
CommitDate: Wed Jul 1 20:08:50 2020 -0500

    Merge branch 'development' of https://github.com/RowAtk/report-components into Access

commit 80f71182ab9c92e5366c5ee1317ee5e2425de825
Author:     shakeanehinds <44011884+shakeanehinds@users.noreply.github.com>
AuthorDate: Wed Jul 1 20:08:06 2020 -0500
Commit:     shakeanehinds <44011884+shakeanehinds@users.noreply.github.com>
CommitDate: Wed Jul 1 20:08:06 2020 -0500

    added cover component

commit c524b6ad8cac0fb070b0515b7fb0fdf727f3cc79
Merge: 2346c9b 986ea0e
Author:     rowatk <rowaneatkinson@gmail.com>
AuthorDate: Wed Jun 24 18:02:05 2020 -0500
Commit:     rowatk <rowaneatkinson@gmail.com>
CommitDate: Wed Jun 24 18:02:05 2020 -0500

    merge

commit 2346c9be08d09a9a40a505404f8bb4745de3a340
Author:     rowatk <rowaneatkinson@gmail.com>
AuthorDate: Wed Jun 24 18:01:12 2020 -0500
Commit:     rowatk <rowaneatkinson@gmail.com>
CommitDate: Wed Jun 24 18:01:12 2020 -0500

    changed text to across

commit 986ea0e1d173706457c7cc25e2dd0c9740175a7d
Merge: aa83d33 3b8f18d
Author:     Shakeane Hinds <44011884+shakeanehinds@users.noreply.github.com>
AuthorDate: Wed Jun 24 17:53:58 2020 -0500
Commit:     GitHub <noreply@github.com>
CommitDate: Wed Jun 24 17:53:58 2020 -0500

    Merge pull request #30 from RowAtk/Access
    
    implemented nav

commit 3b8f18d4c12834a86e0670015c4b863032eb0b85
Author:     shakeanehinds <44011884+shakeanehinds@users.noreply.github.com>
AuthorDate: Wed Jun 24 17:52:14 2020 -0500
Commit:     shakeanehinds <44011884+shakeanehinds@users.noreply.github.com>
CommitDate: Wed Jun 24 17:52:14 2020 -0500

    implemented nav
    fixed bugs
    added link styling
    reduced whitespcace

commit aa83d33f811b2e4884933f24abb70c18c0744bc6
Merge: 1a5f8bb 1b81852
Author:     Shakeane Hinds <44011884+shakeanehinds@users.noreply.github.com>
AuthorDate: Wed Jun 24 05:06:04 2020 -0500
Commit:     GitHub <noreply@github.com>
CommitDate: Wed Jun 24 05:06:04 2020 -0500

    Merge pull request #29 from RowAtk/Access
    
    updated styling for rows

commit 1b81852df3226ee664249885a4cec48f8feea4ff
Author:     shakeanehinds <44011884+shakeanehinds@users.noreply.github.com>
AuthorDate: Wed Jun 24 05:04:35 2020 -0500
Commit:     shakeanehinds <44011884+shakeanehinds@users.noreply.github.com>
CommitDate: Wed Jun 24 05:04:35 2020 -0500

    updated styling for rows
    adjusted text scaling
    added missing header

commit 1a5f8bbb3ad11ef5f1225ddb0286e726ee1253d5
Author:     rowatk <rowaneatkinson@gmail.com>
AuthorDate: Wed Jun 24 03:52:23 2020 -0500
Commit:     rowatk <rowaneatkinson@gmail.com>
CommitDate: Wed Jun 24 03:52:23 2020 -0500

    changed double carousel options and merged with opening

commit fbc993f9f6af9871d6af76a3f423f81ef679e04d
Merge: 3207ad2 bda5037
Author:     rowatk <rowaneatkinson@gmail.com>
AuthorDate: Wed Jun 24 03:27:21 2020 -0500
Commit:     rowatk <rowaneatkinson@gmail.com>
CommitDate: Wed Jun 24 03:27:21 2020 -0500

    added images and merged with dev

commit bda5037dc4786c20ccaa34af38fee30f71be5784
Merge: b569cb8 d1bca5d
Author:     Shakeane Hinds <44011884+shakeanehinds@users.noreply.github.com>
AuthorDate: Wed Jun 24 02:50:45 2020 -0500
Commit:     GitHub <noreply@github.com>
CommitDate: Wed Jun 24 02:50:45 2020 -0500

    Merge pull request #28 from RowAtk/Access
    
    added icons for at a glance

commit 3207ad20a71b73457a10d42ca1f46029bf9b21b8
Author:     rowatk <rowaneatkinson@gmail.com>
AuthorDate: Wed Jun 24 02:50:00 2020 -0500
Commit:     rowatk <rowaneatkinson@gmail.com>
CommitDate: Wed Jun 24 02:50:00 2020 -0500

    added image

commit d1bca5de28ec91f58e88e4273ba3885a966c8d56
Author:     shakeanehinds <44011884+shakeanehinds@users.noreply.github.com>
AuthorDate: Wed Jun 24 02:47:30 2020 -0500
Commit:     shakeanehinds <44011884+shakeanehinds@users.noreply.github.com>
CommitDate: Wed Jun 24 02:47:30 2020 -0500

    added icons for at a glance

commit 902076d49e90d206f7a17424c5d8edd321baa2b0
Author:     rowatk <rowaneatkinson@gmail.com>
AuthorDate: Wed Jun 24 02:35:12 2020 -0500
Commit:     rowatk <rowaneatkinson@gmail.com>
CommitDate: Wed Jun 24 02:35:12 2020 -0500

    added 98% opening content

commit b569cb8035a56e4a67b507d1261bcfd33957d6f0
Merge: e5d00c6 d4a5033
Author:     Shakeane Hinds <44011884+shakeanehinds@users.noreply.github.com>
AuthorDate: Wed Jun 24 02:12:17 2020 -0500
Commit:     GitHub <noreply@github.com>
CommitDate: Wed Jun 24 02:12:17 2020 -0500

    Merge pull request #27 from RowAtk/Access
    
    fixed text

commit d4a50330e42734ebbdf2b95ff0231cf4fa714ed0
Author:     shakeanehinds <44011884+shakeanehinds@users.noreply.github.com>
AuthorDate: Wed Jun 24 02:10:52 2020 -0500
Commit:     shakeanehinds <44011884+shakeanehinds@users.noreply.github.com>
CommitDate: Wed Jun 24 02:10:52 2020 -0500

    fixed text
    removed axis from doughnut charts

commit b7104561c15b0755dc5a3eb9871b8ade69798c5b
Author:     rowatk <rowaneatkinson@gmail.com>
AuthorDate: Wed Jun 24 02:00:47 2020 -0500
Commit:     rowatk <rowaneatkinson@gmail.com>
CommitDate: Wed Jun 24 02:00:47 2020 -0500

    merged with header changes from development branch

commit 724eb74200aca96aa1b9bc3b42bd0da70d97f65a
Author:     rowatk <rowaneatkinson@gmail.com>
AuthorDate: Wed Jun 24 01:55:57 2020 -0500
Commit:     rowatk <rowaneatkinson@gmail.com>
CommitDate: Wed Jun 24 01:55:57 2020 -0500

    added some opening content

commit e5d00c673606f12e4d452607ebf3041cee817df1
Merge: 404bea4 495ee76
Author:     Shakeane Hinds <44011884+shakeanehinds@users.noreply.github.com>
AuthorDate: Wed Jun 24 01:53:49 2020 -0500
Commit:     GitHub <noreply@github.com>
CommitDate: Wed Jun 24 01:53:49 2020 -0500

    Merge pull request #26 from RowAtk/main
    
    rebase

commit 495ee762bb40afc6b026e52bbc21f2bf89cc7aae
Merge: d2ce571 404bea4
Author:     Shakeane Hinds <44011884+shakeanehinds@users.noreply.github.com>
AuthorDate: Wed Jun 24 01:50:53 2020 -0500
Commit:     GitHub <noreply@github.com>
CommitDate: Wed Jun 24 01:50:53 2020 -0500

    Merge pull request #25 from RowAtk/development
    
    Merge pull request #24 from RowAtk/Access

commit 404bea486929bf598da1d7e4c412c32e361ebf69
Merge: 079f840 b1fe152
Author:     Shakeane Hinds <44011884+shakeanehinds@users.noreply.github.com>
AuthorDate: Wed Jun 24 01:50:30 2020 -0500
Commit:     GitHub <noreply@github.com>
CommitDate: Wed Jun 24 01:50:30 2020 -0500

    Merge pull request #24 from RowAtk/Access
    
    Access

commit d2ce5711af59892edb3d8f912f47e4f39889a753
Merge: 7b04eae b1fe152
Author:     Shakeane Hinds <44011884+shakeanehinds@users.noreply.github.com>
AuthorDate: Wed Jun 24 01:48:12 2020 -0500
Commit:     GitHub <noreply@github.com>
CommitDate: Wed Jun 24 01:48:12 2020 -0500

    Merge pull request #23 from RowAtk/Access
    
    Access

commit b1fe15263f4720a7d6af948ad88daa7736abaea6
Merge: 22f7b44 079f840
Author:     shakeanehinds <44011884+shakeanehinds@users.noreply.github.com>
AuthorDate: Wed Jun 24 01:46:47 2020 -0500
Commit:     shakeanehinds <44011884+shakeanehinds@users.noreply.github.com>
CommitDate: Wed Jun 24 01:46:47 2020 -0500

    Merge branch 'development' of https://github.com/RowAtk/report-components into Access

commit 22f7b4411883e419bbed025b5ab19907b3b7d9fa
Author:     shakeanehinds <44011884+shakeanehinds@users.noreply.github.com>
AuthorDate: Wed Jun 24 01:45:14 2020 -0500
Commit:     shakeanehinds <44011884+shakeanehinds@users.noreply.github.com>
CommitDate: Wed Jun 24 01:45:14 2020 -0500

    updated styling for headers

commit 079f84023877caec3d462dfe4adbde0c39928838
Merge: 14d6443 77ba57a
Author:     Shakeane Hinds <44011884+shakeanehinds@users.noreply.github.com>
AuthorDate: Tue Jun 23 23:46:50 2020 -0500
Commit:     GitHub <noreply@github.com>
CommitDate: Tue Jun 23 23:46:50 2020 -0500

    Merge pull request #22 from RowAtk/Access
    
    Access

commit 77ba57ad8ae5985957dcc270bb0e0af27f7d4de7
Author:     shakeanehinds <44011884+shakeanehinds@users.noreply.github.com>
AuthorDate: Tue Jun 23 23:45:39 2020 -0500
Commit:     shakeanehinds <44011884+shakeanehinds@users.noreply.github.com>
CommitDate: Tue Jun 23 23:45:39 2020 -0500

    added background for sections
    updated styling for elements

commit 3f555a9c142de0da7a69246f2266267b34984b2d
Merge: b2b9d80 14d6443
Author:     shakeanehinds <44011884+shakeanehinds@users.noreply.github.com>
AuthorDate: Tue Jun 23 15:18:08 2020 -0500
Commit:     shakeanehinds <44011884+shakeanehinds@users.noreply.github.com>
CommitDate: Tue Jun 23 15:18:08 2020 -0500

    Merge branch 'development' of https://github.com/RowAtk/report-components into Access

commit b2b9d8031a41c933265dad780bc5ca0236e07ff8
Author:     shakeanehinds <44011884+shakeanehinds@users.noreply.github.com>
AuthorDate: Tue Jun 23 15:17:39 2020 -0500
Commit:     shakeanehinds <44011884+shakeanehinds@users.noreply.github.com>
CommitDate: Tue Jun 23 15:17:39 2020 -0500

    updated padding

commit 19aff79227ba84b61edea32ec5206f4d4382a45a
Merge: e80b576 92e8fe1
Author:     shakeanehinds <44011884+shakeanehinds@users.noreply.github.com>
AuthorDate: Tue Jun 23 15:06:29 2020 -0500
Commit:     shakeanehinds <44011884+shakeanehinds@users.noreply.github.com>
CommitDate: Tue Jun 23 15:06:29 2020 -0500

    Merge branch 'development' of https://github.com/RowAtk/report-components into Access

commit e80b57670b7412c076771689981344d884722e1e
Author:     shakeanehinds <44011884+shakeanehinds@users.noreply.github.com>
AuthorDate: Tue Jun 23 15:06:18 2020 -0500
Commit:     shakeanehinds <44011884+shakeanehinds@users.noreply.github.com>
CommitDate: Tue Jun 23 15:06:18 2020 -0500

    updated table styling
    added table in access

commit 14d6443dae2c2c5cf12dd7ad47d1e102c98cc08f
Author:     rowatk <rowaneatkinson@gmail.com>
AuthorDate: Tue Jun 23 14:56:03 2020 -0500
Commit:     rowatk <rowaneatkinson@gmail.com>
CommitDate: Tue Jun 23 14:56:03 2020 -0500

    edited section overlay

commit 92e8fe1c4ae818fc17ddb1827eab71021d8855b8
Merge: 8810f27 d53bf15
Author:     Rowan Atkinson <rowaneatkinson@gmail.com>
AuthorDate: Tue Jun 23 08:29:59 2020 -0500
Commit:     GitHub <noreply@github.com>
CommitDate: Tue Jun 23 08:29:59 2020 -0500

    Merge pull request #21 from RowAtk/access-images
    
    Access images

commit d53bf15734c35cbc7b8ae89096743e648514e47e
Author:     rowatk <rowaneatkinson@gmail.com>
AuthorDate: Tue Jun 23 08:28:39 2020 -0500
Commit:     rowatk <rowaneatkinson@gmail.com>
CommitDate: Tue Jun 23 08:28:39 2020 -0500

    changed section header to overlays

commit 1dfa89c7271f92c5dec610b5b72ef849df848027
Author:     rowatk <rowaneatkinson@gmail.com>
AuthorDate: Tue Jun 23 08:00:16 2020 -0500
Commit:     rowatk <rowaneatkinson@gmail.com>
CommitDate: Tue Jun 23 08:00:16 2020 -0500

    added all images and changed layout of access

commit 8810f2763d5761896ff1d30aeaec82f7c949c85e
Merge: b2138c9 559b816
Author:     Shakeane Hinds <44011884+shakeanehinds@users.noreply.github.com>
AuthorDate: Tue Jun 23 06:36:48 2020 -0500
Commit:     GitHub <noreply@github.com>
CommitDate: Tue Jun 23 06:36:48 2020 -0500

    Merge pull request #20 from RowAtk/Access
    
    restored missing tables

commit 559b8165b3f19ee510a9ebd29c4cc60fc9415031
Author:     shakeanehinds <44011884+shakeanehinds@users.noreply.github.com>
AuthorDate: Tue Jun 23 06:35:19 2020 -0500
Commit:     shakeanehinds <44011884+shakeanehinds@users.noreply.github.com>
CommitDate: Tue Jun 23 06:35:19 2020 -0500

    restored missing tables

commit b2138c90a696ba198c787e2d6f560ff69eb27b1d
Merge: 8719a13 ab7e6eb
Author:     rowatk <rowaneatkinson@gmail.com>
AuthorDate: Tue Jun 23 06:21:23 2020 -0500
Commit:     rowatk <rowaneatkinson@gmail.com>
CommitDate: Tue Jun 23 06:21:23 2020 -0500

    merged image developments

commit 8719a13cc0b11ddab3dafa6922cb6057263a07d2
Merge: 4c4b2fb 39fabf6
Author:     Shakeane Hinds <44011884+shakeanehinds@users.noreply.github.com>
AuthorDate: Tue Jun 23 06:12:15 2020 -0500
Commit:     GitHub <noreply@github.com>
CommitDate: Tue Jun 23 06:12:15 2020 -0500

    Merge pull request #19 from RowAtk/Access
    
    completed data adding for access

commit 39fabf644b3c6a95fcb05252469fc6315e3fb2f7
Author:     shakeanehinds <44011884+shakeanehinds@users.noreply.github.com>
AuthorDate: Tue Jun 23 06:08:30 2020 -0500
Commit:     shakeanehinds <44011884+shakeanehinds@users.noreply.github.com>
CommitDate: Tue Jun 23 06:08:30 2020 -0500

    completed data adding for access

commit ab7e6ebb954a953eb34dd2c6b0e6f53e717fbd3b
Author:     rowatk <rowaneatkinson@gmail.com>
AuthorDate: Tue Jun 23 06:01:53 2020 -0500
Commit:     rowatk <rowaneatkinson@gmail.com>
CommitDate: Tue Jun 23 06:01:53 2020 -0500

    inserted images for alignment, agility and oneuwi

commit 4c4b2fb7fc445e602d013945f26299747acb0d26
Merge: c562400 d8adca5
Author:     Shakeane Hinds <44011884+shakeanehinds@users.noreply.github.com>
AuthorDate: Tue Jun 23 03:22:29 2020 -0500
Commit:     GitHub <noreply@github.com>
CommitDate: Tue Jun 23 03:22:29 2020 -0500

    Merge pull request #18 from RowAtk/Access
    
    updated info for access

commit d8adca5cdbb1e881b4978869c2bc91f78dd53c4c
Author:     shakeanehinds <44011884+shakeanehinds@users.noreply.github.com>
AuthorDate: Tue Jun 23 03:21:08 2020 -0500
Commit:     shakeanehinds <44011884+shakeanehinds@users.noreply.github.com>
CommitDate: Tue Jun 23 03:21:08 2020 -0500

    updated info for access

commit 61e25e3cda38b5d5ccfc44dbf8c5694564e4844a
Author:     rowatk <rowaneatkinson@gmail.com>
AuthorDate: Tue Jun 23 02:27:17 2020 -0500
Commit:     rowatk <rowaneatkinson@gmail.com>
CommitDate: Tue Jun 23 02:27:17 2020 -0500

    added images for alignment and agility

commit c5624004297ae4663d5a0c2f78d6dea0eb70aba3
Merge: 9629b86 c357b2a
Author:     Shakeane Hinds <44011884+shakeanehinds@users.noreply.github.com>
AuthorDate: Mon Jun 22 17:56:36 2020 -0500
Commit:     GitHub <noreply@github.com>
CommitDate: Mon Jun 22 17:56:36 2020 -0500

    Merge pull request #17 from RowAtk/Access
    
    Access

commit c357b2a0dbaadb296b62736dc86434d224ff8b5a
Author:     shakeanehinds <44011884+shakeanehinds@users.noreply.github.com>
AuthorDate: Mon Jun 22 17:55:08 2020 -0500
Commit:     shakeanehinds <44011884+shakeanehinds@users.noreply.github.com>
CommitDate: Mon Jun 22 17:55:08 2020 -0500

    Added sections for access

commit 56b0ecfbb2e0b15ec334cf53bb9e340523c11311
Merge: 2393b26 9629b86
Author:     shakeanehinds <44011884+shakeanehinds@users.noreply.github.com>
AuthorDate: Mon Jun 22 02:13:52 2020 -0500
Commit:     shakeanehinds <44011884+shakeanehinds@users.noreply.github.com>
CommitDate: Mon Jun 22 02:13:52 2020 -0500

    Merge branch 'development' of https://github.com/RowAtk/report-components into Access

commit 2393b26dedaf60e6c43319fda6696a98570c186e
Author:     shakeanehinds <44011884+shakeanehinds@users.noreply.github.com>
AuthorDate: Mon Jun 22 02:04:00 2020 -0500
Commit:     shakeanehinds <44011884+shakeanehinds@users.noreply.github.com>
CommitDate: Mon Jun 22 02:04:00 2020 -0500

    added data for access

commit 9629b860624505f49da87b1fec9ecc8098700351
Merge: 7b04eae 7531ca7
Author:     Shakeane Hinds <44011884+shakeanehinds@users.noreply.github.com>
AuthorDate: Mon Jun 22 01:59:16 2020 -0500
Commit:     GitHub <noreply@github.com>
CommitDate: Mon Jun 22 01:59:16 2020 -0500

    Merge pull request #16 from RowAtk/access-rowan
    
    2nd half of access

commit 7531ca703a03ff14dc52d724e4170cf5a0e01b65
Author:     rowatk <rowaneatkinson@gmail.com>
AuthorDate: Sun Jun 21 00:34:38 2020 -0500
Commit:     rowatk <rowaneatkinson@gmail.com>
CommitDate: Sun Jun 21 00:34:38 2020 -0500

    2nd half of access

commit 7b04eae29c284e9b31e0725d80e6245820a9c68f
Merge: 0d3ffea be561ae
Author:     rowatk <rowaneatkinson@gmail.com>
AuthorDate: Sat Jun 20 12:31:49 2020 -0500
Commit:     rowatk <rowaneatkinson@gmail.com>
CommitDate: Sat Jun 20 12:31:49 2020 -0500

    merged with agility branhc

commit be561ae1109bdfad7d2f3c993f7f0c207676e33a
Author:     rowatk <rowaneatkinson@gmail.com>
AuthorDate: Fri Jun 19 15:01:49 2020 -0500
Commit:     rowatk <rowaneatkinson@gmail.com>
CommitDate: Fri Jun 19 15:01:49 2020 -0500

    finished alignment

commit 0c33dd880f56324c149401f3e926a24cdea74ad7
Author:     rowatk <rowaneatkinson@gmail.com>
AuthorDate: Fri Jun 19 03:03:18 2020 -0500
Commit:     rowatk <rowaneatkinson@gmail.com>
CommitDate: Fri Jun 19 03:03:18 2020 -0500

    Finished One UWI (page 142)

commit 93faa4792885c56a136ef9c7e2fc9f2a3822ab65
Author:     rowatk <rowaneatkinson@gmail.com>
AuthorDate: Fri Jun 19 01:05:44 2020 -0500
Commit:     rowatk <rowaneatkinson@gmail.com>
CommitDate: Fri Jun 19 01:05:44 2020 -0500

    finished agility - some skipped content (page 124)

commit 68f237ab017fe51294bd99b72a6d91f61641a31f
Author:     rowatk <rowaneatkinson@gmail.com>
AuthorDate: Mon Jun 15 23:31:47 2020 -0500
Commit:     rowatk <rowaneatkinson@gmail.com>
CommitDate: Mon Jun 15 23:31:47 2020 -0500

    changed report view json consumption and parsing

commit c1d3cd2e2c85c86d22811415f2b8d0773550ac9d
Author:     rowatk <rowaneatkinson@gmail.com>
AuthorDate: Sat Jun 13 19:00:12 2020 -0500
Commit:     rowatk <rowaneatkinson@gmail.com>
CommitDate: Sat Jun 13 19:00:12 2020 -0500

    added 'across' property to Row Components. Page 112 (skipped some)

commit 56424540701d6c38780f3ce6b66cc84a0865eb6b
Author:     rowatk <rowaneatkinson@gmail.com>
AuthorDate: Fri Jun 12 20:14:12 2020 -0500
Commit:     rowatk <rowaneatkinson@gmail.com>
CommitDate: Fri Jun 12 20:14:12 2020 -0500

    Added stacked graph. Page 96

commit 776dab6a2d40a5f805ae7cb9df204f6d4c753e00
Author:     rowatk <rowaneatkinson@gmail.com>
AuthorDate: Fri Jun 12 15:55:25 2020 -0500
Commit:     rowatk <rowaneatkinson@gmail.com>
CommitDate: Fri Jun 12 15:55:25 2020 -0500

    changed structure of charts by using a Base Mixin

commit bcb44d86affeffecfcb83d849db38446bd0218ed
Author:     rowatk <rowaneatkinson@gmail.com>
AuthorDate: Fri Jun 12 15:12:52 2020 -0500
Commit:     rowatk <rowaneatkinson@gmail.com>
CommitDate: Fri Jun 12 15:12:52 2020 -0500

    Page 95

commit d650023ff6cf22f429ba11f72cc5842fa8fc92d2
Merge: beb5496 7a47f5a
Author:     Shakeane Hinds <44011884+shakeanehinds@users.noreply.github.com>
AuthorDate: Fri Jun 12 00:45:15 2020 -0500
Commit:     GitHub <noreply@github.com>
CommitDate: Fri Jun 12 00:45:15 2020 -0500

    Merge pull request #15 from RowAtk/agility-shak
    
    updated stlying for repeated rcomponent elements

commit 7a47f5a100fe0edf51fe0931421f4689ac240829
Author:     shakeanehinds <44011884+shakeanehinds@users.noreply.github.com>
AuthorDate: Fri Jun 12 00:44:05 2020 -0500
Commit:     shakeanehinds <44011884+shakeanehinds@users.noreply.github.com>
CommitDate: Fri Jun 12 00:44:05 2020 -0500

    updated stlying for repeated rcomponent elements

commit beb5496bb705002c8bd8e4648ce18f990dacfe8c
Author:     rowatk <rowaneatkinson@gmail.com>
AuthorDate: Tue Jun 9 23:41:35 2020 -0500
Commit:     rowatk <rowaneatkinson@gmail.com>
CommitDate: Tue Jun 9 23:41:35 2020 -0500

    added page 93

commit 0d3ffeaaa9a5a2501c646d06a0a386079fa19341
Merge: e2e402c 182799e
Author:     Rowan Atkinson <rowaneatkinson@gmail.com>
AuthorDate: Tue Jun 9 23:22:11 2020 -0500
Commit:     GitHub <noreply@github.com>
CommitDate: Tue Jun 9 23:22:11 2020 -0500

    Merge pull request #13 from RowAtk/dependabot/npm_and_yarn/websocket-extensions-0.1.4
    
    Bump websocket-extensions from 0.1.3 to 0.1.4

commit 049a22474209951635f134661097171ef29a1529
Author:     rowatk <rowaneatkinson@gmail.com>
AuthorDate: Tue Jun 9 23:21:24 2020 -0500
Commit:     rowatk <rowaneatkinson@gmail.com>
CommitDate: Tue Jun 9 23:21:24 2020 -0500

    fixed vulnerability

commit 72603b7abd3f4d0676cc7dba0ba9dd3db6d2ef73
Merge: 5b06ded a53152b
Author:     rowatk <rowaneatkinson@gmail.com>
AuthorDate: Tue Jun 9 23:01:45 2020 -0500
Commit:     rowatk <rowaneatkinson@gmail.com>
CommitDate: Tue Jun 9 23:01:45 2020 -0500

    Merged with styling

commit 5b06ded4eb1da0adf764afc919281e4044c6f3b4
Author:     rowatk <rowaneatkinson@gmail.com>
AuthorDate: Tue Jun 9 22:46:59 2020 -0500
Commit:     rowatk <rowaneatkinson@gmail.com>
CommitDate: Tue Jun 9 22:46:59 2020 -0500

    a commit

commit a53152b859dbbcd218f1f33625883df00ecf195f
Merge: 3bb1b4b 66b718a
Author:     Rowan Atkinson <rowaneatkinson@gmail.com>
AuthorDate: Tue Jun 9 22:45:30 2020 -0500
Commit:     GitHub <noreply@github.com>
CommitDate: Tue Jun 9 22:45:30 2020 -0500

    Merge pull request #14 from RowAtk/agility-shak
    
    Updated styling for report component

commit 66b718a577e96d760096a114682614ee82e8b8d0
Author:     shakeanehinds <44011884+shakeanehinds@users.noreply.github.com>
AuthorDate: Tue Jun 9 01:43:31 2020 -0500
Commit:     shakeanehinds <44011884+shakeanehinds@users.noreply.github.com>
CommitDate: Tue Jun 9 01:43:31 2020 -0500

    Updated styling for report component

commit 182799e1c22f39137349acb112bf02f8155bbf41
Author:     dependabot[bot] <49699333+dependabot[bot]@users.noreply.github.com>
AuthorDate: Mon Jun 8 03:49:45 2020 +0000
Commit:     GitHub <noreply@github.com>
CommitDate: Mon Jun 8 03:49:45 2020 +0000

    Bump websocket-extensions from 0.1.3 to 0.1.4
    
    Bumps [websocket-extensions](https://github.com/faye/websocket-extensions-node) from 0.1.3 to 0.1.4.
    - [Release notes](https://github.com/faye/websocket-extensions-node/releases)
    - [Changelog](https://github.com/faye/websocket-extensions-node/blob/master/CHANGELOG.md)
    - [Commits](https://github.com/faye/websocket-extensions-node/compare/0.1.3...0.1.4)
    
    Signed-off-by: dependabot[bot] <support@github.com>

commit 3bb1b4b6a83f7addd196d29af8bf0f8e051e1516
Author:     rowatk <rowaneatkinson@gmail.com>
AuthorDate: Sat May 30 14:10:46 2020 -0500
Commit:     rowatk <rowaneatkinson@gmail.com>
CommitDate: Sat May 30 14:10:46 2020 -0500

    fixed import error

commit e2e402c74f602a049ac893aceac12df36010112d
Merge: e1befe9 81b441e
Author:     Shakeane Hinds <44011884+shakeanehinds@users.noreply.github.com>
AuthorDate: Fri May 29 20:26:44 2020 -0500
Commit:     GitHub <noreply@github.com>
CommitDate: Fri May 29 20:26:44 2020 -0500

    Merge pull request #12 from RowAtk/develop-shak
    
    Develop shak

commit 81b441e7e76931a471b0c2ed9c35362936e29c05
Merge: c168bc5 e1befe9
Author:     shakeanehinds <44011884+shakeanehinds@users.noreply.github.com>
AuthorDate: Fri May 29 20:22:55 2020 -0500
Commit:     shakeanehinds <44011884+shakeanehinds@users.noreply.github.com>
CommitDate: Fri May 29 20:22:55 2020 -0500

    Merge branch 'development' of https://github.com/RowAtk/report-components into develop-shak

commit c168bc521b5694712d6999298aeba5b86c5b1ca6
Author:     shakeanehinds <44011884+shakeanehinds@users.noreply.github.com>
AuthorDate: Fri May 29 20:18:19 2020 -0500
Commit:     shakeanehinds <44011884+shakeanehinds@users.noreply.github.com>
CommitDate: Fri May 29 20:18:19 2020 -0500

    switched to static, added title component

commit e1befe996c8276fb50052ab7bc132440f951f0cd
Merge: 9bedd4b 2a94f63
Author:     Rowan Atkinson <rowaneatkinson@gmail.com>
AuthorDate: Mon May 25 21:13:28 2020 -0500
Commit:     GitHub <noreply@github.com>
CommitDate: Mon May 25 21:13:28 2020 -0500

    Merge pull request #11 from RowAtk/develop-rowan
    
    Develop rowan

commit 2a94f637978435f24218080c5e7b458cafbfee94
Author:     rowatk <rowaneatkinson@gmail.com>
AuthorDate: Mon May 25 21:11:59 2020 -0500
Commit:     rowatk <rowaneatkinson@gmail.com>
CommitDate: Mon May 25 21:11:59 2020 -0500

    removed file cleaner experiment

commit 30aa6a39c727b284bd44959d8647169a7a0419e2
Author:     rowatk <rowaneatkinson@gmail.com>
AuthorDate: Mon May 25 21:10:38 2020 -0500
Commit:     rowatk <rowaneatkinson@gmail.com>
CommitDate: Mon May 25 21:10:38 2020 -0500

    added headers and optional row header component as well as borders for dev

commit 9bedd4b0e423ec008acfc9093ff196478daf190c
Merge: c88c860 5c770a3
Author:     Rowan Atkinson <rowaneatkinson@gmail.com>
AuthorDate: Sun May 24 14:42:18 2020 -0500
Commit:     GitHub <noreply@github.com>
CommitDate: Sun May 24 14:42:18 2020 -0500

    Merge pull request #8 from RowAtk/develop-rowan
    
    Develop rowan

commit 5c770a3d77386dd5f23c7b9f700c12a97d21fb3b
Author:     rowatk <rowaneatkinson@gmail.com>
AuthorDate: Sun May 24 14:41:22 2020 -0500
Commit:     rowatk <rowaneatkinson@gmail.com>
CommitDate: Sun May 24 14:41:22 2020 -0500

    cleaned up directory

commit 929906ae57384b25cd0b45da5cf153fbefbab256
Author:     rowatk <rowaneatkinson@gmail.com>
AuthorDate: Sun May 24 14:38:16 2020 -0500
Commit:     rowatk <rowaneatkinson@gmail.com>
CommitDate: Sun May 24 14:38:16 2020 -0500

    made rows render multiple components on each side. changed rspec format

commit c88c860bc4d51f6d77fca0446270d371460ea295
Merge: 9e33d7c 996a95c
Author:     Rowan Atkinson <rowaneatkinson@gmail.com>
AuthorDate: Fri May 22 18:42:39 2020 -0500
Commit:     GitHub <noreply@github.com>
CommitDate: Fri May 22 18:42:39 2020 -0500

    Merge pull request #6 from RowAtk/row-compoenent
    
    Row compoenent

commit 996a95ceed4efb31bf44412be9c21b1ef475980d
Merge: 3cd922d 9e33d7c
Author:     rowatk <rowaneatkinson@gmail.com>
AuthorDate: Fri May 22 18:39:39 2020 -0500
Commit:     rowatk <rowaneatkinson@gmail.com>
CommitDate: Fri May 22 18:39:39 2020 -0500

    merged with development and converted components to work with row

commit 9e33d7c2b4d48e754c77ec75e2919dce7cf57d70
Merge: f76c857 197acb2
Author:     Shakeane Hinds <44011884+shakeanehinds@users.noreply.github.com>
AuthorDate: Fri May 22 16:45:43 2020 -0500
Commit:     GitHub <noreply@github.com>
CommitDate: Fri May 22 16:45:43 2020 -0500

    Merge pull request #5 from RowAtk/develop-shak
    
    Develop shak

commit 197acb2c92936bb68c28d7f8ea58619e10adb8ae
Merge: 43e9fdf f76c857
Author:     shakeanehinds <44011884+shakeanehinds@users.noreply.github.com>
AuthorDate: Fri May 22 16:44:24 2020 -0500
Commit:     shakeanehinds <44011884+shakeanehinds@users.noreply.github.com>
CommitDate: Fri May 22 16:44:24 2020 -0500

    Merge branch 'development' of https://github.com/RowAtk/report-components into develop-shak

commit 43e9fdf8447beba814f6020919f8150934f95ed4
Author:     shakeanehinds <44011884+shakeanehinds@users.noreply.github.com>
AuthorDate: Fri May 22 16:44:01 2020 -0500
Commit:     shakeanehinds <44011884+shakeanehinds@users.noreply.github.com>
CommitDate: Fri May 22 16:44:01 2020 -0500

    added json connection

commit 3cd922d1b9bc5e7df96c606a013c1f3bebf927e4
Merge: a9223e3 f76c857
Author:     rowatk <rowaneatkinson@gmail.com>
AuthorDate: Fri May 22 16:41:04 2020 -0500
Commit:     rowatk <rowaneatkinson@gmail.com>
CommitDate: Fri May 22 16:41:04 2020 -0500

    merged with develop branch

commit a9223e363f528f790cee0feddad84ef27a417a0f
Author:     rowatk <rowaneatkinson@gmail.com>
AuthorDate: Fri May 22 16:07:05 2020 -0500
Commit:     rowatk <rowaneatkinson@gmail.com>
CommitDate: Fri May 22 16:07:05 2020 -0500

    completed row component v1

commit 798abb46ed17b0d7eb6c9c618c4c4bae50e03374
Author:     rowatk <rowaneatkinson@gmail.com>
AuthorDate: Fri May 22 15:40:39 2020 -0500
Commit:     rowatk <rowaneatkinson@gmail.com>
CommitDate: Fri May 22 15:40:39 2020 -0500

    added dummy report View

commit f76c85703c648809ee3fa034726174577ce7cbd8
Merge: 381ff69 5480c06
Author:     Shakeane Hinds <44011884+shakeanehinds@users.noreply.github.com>
AuthorDate: Fri May 22 14:13:24 2020 -0500
Commit:     GitHub <noreply@github.com>
CommitDate: Fri May 22 14:13:24 2020 -0500

    Merge pull request #4 from RowAtk/develop-shak
    
    created component for access

commit 5480c06aff6c96909e15f7bfe03d70ef6dad4527
Author:     shakeanehinds <44011884+shakeanehinds@users.noreply.github.com>
AuthorDate: Fri May 22 14:12:09 2020 -0500
Commit:     shakeanehinds <44011884+shakeanehinds@users.noreply.github.com>
CommitDate: Fri May 22 14:12:09 2020 -0500

    created component for access

commit 381ff6998b65262fe3cccb9765f1469aa6be9fe5
Merge: 1977848 1012312
Author:     Shakeane Hinds <44011884+shakeanehinds@users.noreply.github.com>
AuthorDate: Tue May 19 16:52:08 2020 -0500
Commit:     GitHub <noreply@github.com>
CommitDate: Tue May 19 16:52:08 2020 -0500

    Merge pull request #3 from RowAtk/develop-shak
    
    added image component

commit 1012312078bc41bb791b26f90a8ed5c5bae785c7
Author:     shakeanehinds <44011884+shakeanehinds@users.noreply.github.com>
AuthorDate: Tue May 19 16:48:54 2020 -0500
Commit:     shakeanehinds <44011884+shakeanehinds@users.noreply.github.com>
CommitDate: Tue May 19 16:48:54 2020 -0500

    added image component

commit 1977848f64e104f65d98bf12924824cb271d7f27
Merge: 6b03928 90e0b35
Author:     Shakeane Hinds <44011884+shakeanehinds@users.noreply.github.com>
AuthorDate: Tue May 19 00:01:03 2020 -0500
Commit:     GitHub <noreply@github.com>
CommitDate: Tue May 19 00:01:03 2020 -0500

    Merge pull request #2 from RowAtk/develop-shak
    
    added paragraph component

commit 90e0b357135ae390e688f184c2247f969598c984
Author:     shakeanehinds <44011884+shakeanehinds@users.noreply.github.com>
AuthorDate: Mon May 18 23:56:31 2020 -0500
Commit:     shakeanehinds <44011884+shakeanehinds@users.noreply.github.com>
CommitDate: Mon May 18 23:56:31 2020 -0500

    added paragraph component

commit 6b03928169c9a86a0c22297422131b56b64ddbd1
Author:     shakeanehinds <44011884+shakeanehinds@users.noreply.github.com>
AuthorDate: Mon May 18 13:59:25 2020 -0500
Commit:     shakeanehinds <44011884+shakeanehinds@users.noreply.github.com>
CommitDate: Mon May 18 13:59:25 2020 -0500

    added data placeholder

commit 21e1da34757b51916611bbf0968f32dd65397cd5
Author:     shakeanehinds <44011884+shakeanehinds@users.noreply.github.com>
AuthorDate: Mon May 18 13:53:43 2020 -0500
Commit:     shakeanehinds <44011884+shakeanehinds@users.noreply.github.com>
CommitDate: Mon May 18 13:53:43 2020 -0500

    reset base configurations
    ready for atomizing project

commit a8ed605c048e6571f72b20d5c756316f3df11873
Merge: 81483e2 8629a9b
Author:     rowatk <rowaneatkinson@gmail.com>
AuthorDate: Mon May 18 11:38:18 2020 -0500
Commit:     rowatk <rowaneatkinson@gmail.com>
CommitDate: Mon May 18 11:38:18 2020 -0500

    merged with rowan-develop

commit 81483e2cccd53c6b04e188041f613f75287d7c67
Author:     rowatk <rowaneatkinson@gmail.com>
AuthorDate: Mon May 18 11:33:30 2020 -0500
Commit:     rowatk <rowaneatkinson@gmail.com>
CommitDate: Mon May 18 11:33:30 2020 -0500

    commit before RComponent merge

commit 0cf6e95685548a2ee8c0bef9eb9c446e21e80db0
Merge: f105f61 042f992
Author:     rowatk <rowaneatkinson@gmail.com>
AuthorDate: Sun May 17 19:25:53 2020 -0500
Commit:     rowatk <rowaneatkinson@gmail.com>
CommitDate: Sun May 17 19:25:53 2020 -0500

    fixed merge conflits

commit 8629a9bad9f68a1047320ad3d8c2bfa477cf8b86
Author:     rowatk <rowaneatkinson@gmail.com>
AuthorDate: Sun May 17 19:22:41 2020 -0500
Commit:     rowatk <rowaneatkinson@gmail.com>
CommitDate: Sun May 17 19:22:41 2020 -0500

    some changes

commit 042f9929ac2a725b471a25f82f5cb54dd2918261
Merge: 75b6692 8d369aa
Author:     Shakeane Hinds <44011884+shakeanehinds@users.noreply.github.com>
AuthorDate: Sun May 17 17:18:11 2020 -0500
Commit:     GitHub <noreply@github.com>
CommitDate: Sun May 17 17:18:11 2020 -0500

    Merge pull request #1 from RowAtk/develop-shak
    
    Develop shak

commit 8d369aadf704499e3ff0899866a55e03a240e781
Author:     shakeanehinds <44011884+shakeanehinds@users.noreply.github.com>
AuthorDate: Sun May 17 17:17:07 2020 -0500
Commit:     shakeanehinds <44011884+shakeanehinds@users.noreply.github.com>
CommitDate: Sun May 17 17:17:07 2020 -0500

    Fixed merge issues

commit 9af2d8ca2b3b69efd66b5531b9ab65bc1fbfbc07
Merge: 755d742 75b6692
Author:     shakeanehinds <44011884+shakeanehinds@users.noreply.github.com>
AuthorDate: Sun May 17 17:16:17 2020 -0500
Commit:     shakeanehinds <44011884+shakeanehinds@users.noreply.github.com>
CommitDate: Sun May 17 17:16:17 2020 -0500

    Merge branch 'master' of https://github.com/RowAtk/report-components into develop-shak

commit 755d742ea796b6eba0c83da8e04a8746e1f8095c
Author:     shakeanehinds <44011884+shakeanehinds@users.noreply.github.com>
AuthorDate: Sun May 17 17:07:47 2020 -0500
Commit:     shakeanehinds <44011884+shakeanehinds@users.noreply.github.com>
CommitDate: Sun May 17 17:07:47 2020 -0500

    Added boostrap and restructured hierarchy

commit 6a89a5180a942cc68f73a1ed0e0f21f49e521eed
Author:     rowatk <rowaneatkinson@gmail.com>
AuthorDate: Sat May 2 03:43:13 2020 -0500
Commit:     rowatk <rowaneatkinson@gmail.com>
CommitDate: Sat May 2 03:43:13 2020 -0500

    implemented report configuration, RSections and RComponents

commit f105f613fb2f2d96c14a20d81b1dd7f4c760bbc8
Author:     rowatk <rowaneatkinson@gmail.com>
AuthorDate: Fri May 1 21:43:57 2020 -0500
Commit:     rowatk <rowaneatkinson@gmail.com>
CommitDate: Fri May 1 21:43:57 2020 -0500

    save stuff

commit a0087c6dbe928e49cb84ab8dd0842081c108d2a0
Author:     shakeanehinds <44011884+shakeanehinds@users.noreply.github.com>
AuthorDate: Fri May 1 21:43:20 2020 -0500
Commit:     shakeanehinds <44011884+shakeanehinds@users.noreply.github.com>
CommitDate: Fri May 1 21:43:20 2020 -0500

    Added staff section

commit 75b669266db649313082c75c79d4e045aed2fc70
Merge: 58b5f7e 25af6c4
Author:     rowatk <rowaneatkinson@gmail.com>
AuthorDate: Mon Apr 20 03:04:02 2020 -0500
Commit:     rowatk <rowaneatkinson@gmail.com>
CommitDate: Mon Apr 20 03:04:02 2020 -0500

    merged and define doughnut model

commit 58b5f7ec6f021a282eff1c0154fbe23dc2e421a6
Author:     rowatk <rowaneatkinson@gmail.com>
AuthorDate: Mon Apr 20 01:50:27 2020 -0500
Commit:     rowatk <rowaneatkinson@gmail.com>
CommitDate: Mon Apr 20 01:50:27 2020 -0500

    Trying to model components

commit 25af6c41a955a571a33f1c0ae6343639890fe528
Author:     shakeanehinds <44011884+shakeanehinds@users.noreply.github.com>
AuthorDate: Mon Apr 20 01:44:03 2020 -0500
Commit:     shakeanehinds <44011884+shakeanehinds@users.noreply.github.com>
CommitDate: Mon Apr 20 01:44:03 2020 -0500

    updated main view,
    added styling for chart and layout for text

commit 6f317b71740d9bc89d77bf9c03b781e413d68cde
Author:     rowatk <rowaneatkinson@gmail.com>
AuthorDate: Sat Apr 18 03:00:26 2020 -0500
Commit:     rowatk <rowaneatkinson@gmail.com>
CommitDate: Sat Apr 18 03:00:26 2020 -0500

    added different chart types

commit 91d50cc92b500db8621766b5894b8e9550a43406
Author:     rowatk <rowaneatkinson@gmail.com>
AuthorDate: Fri Apr 17 19:48:28 2020 -0500
Commit:     rowatk <rowaneatkinson@gmail.com>
CommitDate: Fri Apr 17 19:48:28 2020 -0500

    added test line graph

commit 8a25d13aa4cd3d22fce8625e65d6e112059651c3
Author:     rowatk <rowaneatkinson@gmail.com>
AuthorDate: Fri Apr 17 19:47:29 2020 -0500
Commit:     rowatk <rowaneatkinson@gmail.com>
CommitDate: Fri Apr 17 19:47:29 2020 -0500

    first commit

commit 259cca6615ad560f69c48c67d8370e03aacbdb2a
Author:     rowatk <rowaneatkinson@gmail.com>
AuthorDate: Fri Apr 17 10:10:16 2020 -0500
Commit:     rowatk <rowaneatkinson@gmail.com>
CommitDate: Fri Apr 17 10:10:16 2020 -0500

    init
